INFO:__main__:Created Toyota: 1999 Toyota Yaris
INFO:__main__:Created Toyota: 2004 Toyota C-HR
INFO:__main__:Created Toyota: 2013 Toyota Camry
INFO:__main__:Created Toyota: 2002 Toyota Land Cruiser
INFO:__main__:Created Toyota: 2001 Toyota Tundra
INFO:__main__:Created Toyota: 2012 Toyota RAV4
INFO:__main__:Created Toyota: 2011 Toyota Corolla
INFO:__main__:Created Toyota: 2010 Toyota C-HR
INFO:__main__:Created Toyota: 2008 Toyota Yaris
INFO:__main__:Created Toyota: 2012 Toyota Tacoma
INFO:__main__:Created Toyota: 2014 Toyota Yaris
INFO:__main__:Created Toyota: 2020 Toyota Tundra
INFO:__main__:Created Toyota: 2020 Toyota Prius
INFO:__main__:Created Toyota: 1999 Toyota Highlander
INFO:__main__:Created Toyota: 2009 Toyota Corolla
INFO:__main__:Created Toyota: 2020 Toyota Sienna
INFO:__main__:Created Toyota: 2008 Toyota Highlander
INFO:__main__:Created Toyota: 2008 Toyota C-HR
INFO:__main__:Created Toyota: 2017 Toyota Supra
INFO:__main__:Created Toyota: 2017 Toyota Tacoma
INFO:__main__:Created Toyota: 2006 Toyota Corolla
INFO:__main__:Created Toyota: 2017 Toyota Prius
INFO:__main__:Created Toyota: 1999 Toyota Corolla
INFO:__main__:Created Toyota: 2004 Toyota RAV4
INFO:__main__:Created Toyota: 2018 Toyota Tundra
INFO:__main__:Created Toyota: 2003 Toyota Prius
INFO:__main__:Created Toyota: 2001 Toyota Camry
